2025-07-20T00:53:45.409+08:00  WARN 20696 --- [main] c.a.nacos.client.logging.NacosLogging    : Load Logback Configuration of Nacos fail, message: Could not initialize Logback Nacos logging from classpath:nacos-logback.xml
2025-07-20T00:53:45.465+08:00  INFO 20696 --- [main] c.a.n.c.c.impl.LocalConfigInfoProcessor  : LOCAL_SNAPSHOT_PATH:C:\Users\Win11\nacos\config
2025-07-20T00:53:45.476+08:00  INFO 20696 --- [main] com.alibaba.nacos.common.remote.client   : [RpcClientFactory] create a new rpc client of 1a2eb908-0564-4c88-b9b9-bc512331504f_config-0
2025-07-20T00:53:45.530+08:00  INFO 20696 --- [main] com.alibaba.nacos.common.remote.client   : [1a2eb908-0564-4c88-b9b9-bc512331504f_config-0] Register server push request handler:com.alibaba.nacos.client.config.impl.ClientWorker$ConfigRpcTransportClient$$Lambda$515/0x000001b3ae371c90
2025-07-20T00:53:45.531+08:00  INFO 20696 --- [main] com.alibaba.nacos.common.remote.client   : [1a2eb908-0564-4c88-b9b9-bc512331504f_config-0] Register server push request handler:com.alibaba.nacos.client.config.impl.ClientWorker$ConfigRpcTransportClient$$Lambda$516/0x000001b3ae3720b0
2025-07-20T00:53:45.532+08:00  INFO 20696 --- [main] com.alibaba.nacos.common.remote.client   : [1a2eb908-0564-4c88-b9b9-bc512331504f_config-0] Registry connection listener to current client:com.alibaba.nacos.client.config.impl.ClientWorker$ConfigRpcTransportClient$1
2025-07-20T00:53:45.534+08:00  INFO 20696 --- [main] com.alibaba.nacos.common.remote.client   : [1a2eb908-0564-4c88-b9b9-bc512331504f_config-0] RpcClient init, ServerListFactory = com.alibaba.nacos.client.config.impl.ClientWorker$ConfigRpcTransportClient$2
2025-07-20T00:53:45.555+08:00  INFO 20696 --- [main] com.alibaba.nacos.common.remote.client   : [1a2eb908-0564-4c88-b9b9-bc512331504f_config-0] Try to connect to server on start up, server: {serverIp = '127.0.0.1', server main port = 8848}
2025-07-20T00:53:45.661+08:00  INFO 20696 --- [main] c.a.n.c.remote.client.grpc.GrpcClient    : grpc client connection server:127.0.0.1 ip,serverPort:9848,grpcTslConfig:{"sslProvider":"OPENSSL","enableTls":false,"mutualAuthEnable":false,"trustAll":false}
2025-07-20T00:53:48.618+08:00  INFO 20696 --- [main] com.alibaba.nacos.common.remote.client   : [1a2eb908-0564-4c88-b9b9-bc512331504f_config-0] Success to connect to server [127.0.0.1:8848] on start up, connectionId = 1752944026317_127.0.0.1_56594
2025-07-20T00:53:48.619+08:00  INFO 20696 --- [com.alibaba.nacos.client.remote.worker] com.alibaba.nacos.common.remote.client   : [1a2eb908-0564-4c88-b9b9-bc512331504f_config-0] Notify connected event to listeners.
2025-07-20T00:53:48.620+08:00  INFO 20696 --- [main] com.alibaba.nacos.common.remote.client   : [1a2eb908-0564-4c88-b9b9-bc512331504f_config-0] Register server push request handler:com.alibaba.nacos.common.remote.client.RpcClient$ConnectResetRequestHandler
2025-07-20T00:53:48.620+08:00  INFO 20696 --- [com.alibaba.nacos.client.remote.worker] c.a.n.client.config.impl.ClientWorker    : [1a2eb908-0564-4c88-b9b9-bc512331504f_config-0] Connected,notify listen context...
2025-07-20T00:53:48.622+08:00  INFO 20696 --- [main] com.alibaba.nacos.common.remote.client   : [1a2eb908-0564-4c88-b9b9-bc512331504f_config-0] Register server push request handler:com.alibaba.nacos.common.remote.client.RpcClient$$Lambda$536/0x000001b3ae4bae40
2025-07-20T00:53:48.708+08:00  INFO 20696 --- [main] c.a.nacos.client.config.impl.Limiter     : limitTime:5.0
2025-07-20T00:53:48.747+08:00  WARN 20696 --- [main] c.a.c.n.c.NacosPropertySourceBuilder     : Ignore the empty nacos configuration and get it based on dataId[user-service] & group[DEFAULT_GROUP]
2025-07-20T00:53:48.773+08:00  WARN 20696 --- [main] c.a.c.n.c.NacosPropertySourceBuilder     : Ignore the empty nacos configuration and get it based on dataId[user-service.properties] & group[DEFAULT_GROUP]
2025-07-20T00:53:48.775+08:00  INFO 20696 --- [main] b.c.PropertySourceBootstrapConfiguration : Located property source: [BootstrapPropertySource {name='bootstrapProperties-user-service.properties,DEFAULT_GROUP'}, BootstrapPropertySource {name='bootstrapProperties-user-service,DEFAULT_GROUP'}]
2025-07-20T00:53:48.811+08:00  WARN 20696 --- [main] c.a.nacos.client.logging.NacosLogging    : Load Logback Configuration of Nacos fail, message: Could not initialize Logback Nacos logging from classpath:nacos-logback.xml
2025-07-20T00:53:48.814+08:00  INFO 20696 --- [main] c.z.user.service.UserServiceApplication  : No active profile set, falling back to 1 default profile: "default"
2025-07-20T00:53:50.389+08:00  INFO 20696 --- [main] o.s.cloud.context.scope.GenericScope     : BeanFactory id=240a0513-c1d8-3116-8654-b350584f4f66
2025-07-20T00:53:51.539+08:00  INFO 20696 --- [main] o.s.b.w.embedded.tomcat.TomcatWebServer  : Tomcat initialized with port(s): 8080 (http)
2025-07-20T00:53:51.566+08:00  INFO 20696 --- [main] o.apache.catalina.core.StandardService   : Starting service [Tomcat]
2025-07-20T00:53:51.568+08:00  INFO 20696 --- [main] o.apache.catalina.core.StandardEngine    : Starting Servlet engine: [Apache Tomcat/10.1.16]
2025-07-20T00:53:51.905+08:00  INFO 20696 --- [main] o.a.c.c.C.[Tomcat].[localhost].[/]       : Initializing Spring embedded WebApplicationContext
2025-07-20T00:53:51.906+08:00  INFO 20696 --- [main] w.s.c.ServletWebServerApplicationContext : Root WebApplicationContext: initialization completed in 3049 ms
2025-07-20T00:53:52.936+08:00  INFO 20696 --- [main] o.s.c.openfeign.FeignClientFactoryBean   : For 'blog-service' URL not provided. Will try picking an instance via load-balancing.
2025-07-20T00:53:56.117+08:00  WARN 20696 --- [main] iguration$LoadBalancerCaffeineWarnLogger : Spring Cloud LoadBalancer is currently working with the default cache. While this cache implementation is useful for development and tests, it's recommended to use Caffeine cache in production.You can switch to using Caffeine cache, by adding it and org.springframework.cache.caffeine.CaffeineCacheManager to the classpath.
2025-07-20T00:53:56.239+08:00  INFO 20696 --- [main] o.s.b.w.embedded.tomcat.TomcatWebServer  : Tomcat started on port(s): 8080 (http) with context path ''
2025-07-20T00:53:56.249+08:00  INFO 20696 --- [main] com.alibaba.nacos.client.naming          : initializer namespace from ans.namespace attribute : null
2025-07-20T00:53:56.250+08:00  INFO 20696 --- [main] com.alibaba.nacos.client.naming          : initializer namespace from ALIBABA_ALIWARE_NAMESPACE attribute :null
2025-07-20T00:53:56.251+08:00  INFO 20696 --- [main] com.alibaba.nacos.client.naming          : initializer namespace from namespace attribute :null
2025-07-20T00:53:56.271+08:00  INFO 20696 --- [main] c.a.n.p.a.s.c.ClientAuthPluginManager    : [ClientAuthPluginManager] Load ClientAuthService com.alibaba.nacos.client.auth.impl.NacosClientAuthServiceImpl success.
2025-07-20T00:53:56.271+08:00  INFO 20696 --- [main] c.a.n.p.a.s.c.ClientAuthPluginManager    : [ClientAuthPluginManager] Load ClientAuthService com.alibaba.nacos.client.auth.ram.RamClientAuthServiceImpl success.
2025-07-20T00:53:56.277+08:00  INFO 20696 --- [main] com.alibaba.nacos.common.remote.client   : [RpcClientFactory] create a new rpc client of 0d7044d2-4cfd-4a68-93b3-37abc643aed7
2025-07-20T00:53:56.280+08:00  INFO 20696 --- [main] com.alibaba.nacos.common.remote.client   : [0d7044d2-4cfd-4a68-93b3-37abc643aed7] RpcClient init, ServerListFactory = com.alibaba.nacos.client.naming.core.ServerListManager
2025-07-20T00:53:56.280+08:00  INFO 20696 --- [main] com.alibaba.nacos.common.remote.client   : [0d7044d2-4cfd-4a68-93b3-37abc643aed7] Registry connection listener to current client:com.alibaba.nacos.client.naming.remote.gprc.redo.NamingGrpcRedoService
2025-07-20T00:53:56.281+08:00  INFO 20696 --- [main] com.alibaba.nacos.common.remote.client   : [0d7044d2-4cfd-4a68-93b3-37abc643aed7] Register server push request handler:com.alibaba.nacos.client.naming.remote.gprc.NamingPushRequestHandler
2025-07-20T00:53:56.282+08:00  INFO 20696 --- [main] com.alibaba.nacos.common.remote.client   : [0d7044d2-4cfd-4a68-93b3-37abc643aed7] Try to connect to server on start up, server: {serverIp = '127.0.0.1', server main port = 8848}
2025-07-20T00:53:56.282+08:00  INFO 20696 --- [main] c.a.n.c.remote.client.grpc.GrpcClient    : grpc client connection server:127.0.0.1 ip,serverPort:9848,grpcTslConfig:{"sslProvider":"OPENSSL","enableTls":false,"mutualAuthEnable":false,"trustAll":false}
2025-07-20T00:53:56.441+08:00  INFO 20696 --- [main] com.alibaba.nacos.common.remote.client   : [0d7044d2-4cfd-4a68-93b3-37abc643aed7] Success to connect to server [127.0.0.1:8848] on start up, connectionId = 1752944034345_127.0.0.1_42288
2025-07-20T00:53:56.441+08:00  INFO 20696 --- [main] com.alibaba.nacos.common.remote.client   : [0d7044d2-4cfd-4a68-93b3-37abc643aed7] Register server push request handler:com.alibaba.nacos.common.remote.client.RpcClient$ConnectResetRequestHandler
2025-07-20T00:53:56.441+08:00  INFO 20696 --- [com.alibaba.nacos.client.remote.worker] com.alibaba.nacos.common.remote.client   : [0d7044d2-4cfd-4a68-93b3-37abc643aed7] Notify connected event to listeners.
2025-07-20T00:53:56.441+08:00  INFO 20696 --- [main] com.alibaba.nacos.common.remote.client   : [0d7044d2-4cfd-4a68-93b3-37abc643aed7] Register server push request handler:com.alibaba.nacos.common.remote.client.RpcClient$$Lambda$536/0x000001b3ae4bae40
2025-07-20T00:53:56.441+08:00  INFO 20696 --- [com.alibaba.nacos.client.remote.worker] com.alibaba.nacos.client.naming          : Grpc connection connect
2025-07-20T00:53:56.443+08:00  INFO 20696 --- [main] com.alibaba.nacos.client.naming          : [REGISTER-SERVICE] public registering service user-service with instance Instance{instanceId='null', ip='192.168.0.108', port=8080, weight=1.0, healthy=true, enabled=true, ephemeral=true, clusterName='DEFAULT', serviceName='null', metadata={IPv6=null, preserved.register.source=SPRING_CLOUD}}
2025-07-20T00:53:56.476+08:00  INFO 20696 --- [main] c.a.c.n.registry.NacosServiceRegistry    : nacos registry, DEFAULT_GROUP user-service 192.168.0.108:8080 register finished
2025-07-20T00:53:57.326+08:00  INFO 20696 --- [main] c.z.user.service.UserServiceApplication  : Started UserServiceApplication in 16.558 seconds (process running for 18.821)
2025-07-20T00:53:57.333+08:00  INFO 20696 --- [main] c.a.nacos.client.config.impl.CacheData   : nacos.cache.data.init.snapshot = true 
2025-07-20T00:53:57.334+08:00  INFO 20696 --- [main] c.a.n.client.config.impl.ClientWorker    : [fixed-127.0.0.1_8848] [subscribe] user-service.properties+DEFAULT_GROUP
2025-07-20T00:53:57.350+08:00  INFO 20696 --- [main] c.a.nacos.client.config.impl.CacheData   : [fixed-127.0.0.1_8848] [add-listener] ok, tenant=, dataId=user-service.properties, group=DEFAULT_GROUP, cnt=1
2025-07-20T00:53:57.351+08:00  INFO 20696 --- [main] c.a.c.n.refresh.NacosContextRefresher    : [Nacos Config] Listening config: dataId=user-service.properties, group=DEFAULT_GROUP
2025-07-20T00:53:57.352+08:00  INFO 20696 --- [main] c.a.n.client.config.impl.ClientWorker    : [fixed-127.0.0.1_8848] [subscribe] user-service+DEFAULT_GROUP
2025-07-20T00:53:57.353+08:00  INFO 20696 --- [main] c.a.nacos.client.config.impl.CacheData   : [fixed-127.0.0.1_8848] [add-listener] ok, tenant=, dataId=user-service, group=DEFAULT_GROUP, cnt=1
2025-07-20T00:53:57.353+08:00  INFO 20696 --- [main] c.a.c.n.refresh.NacosContextRefresher    : [Nacos Config] Listening config: dataId=user-service, group=DEFAULT_GROUP
2025-07-20T00:56:06.870+08:00  INFO 20696 --- [http-nio-8080-exec-1] o.a.c.c.C.[Tomcat].[localhost].[/]       : Initializing Spring DispatcherServlet 'dispatcherServlet'
2025-07-20T00:56:06.871+08:00  INFO 20696 --- [http-nio-8080-exec-1] o.s.web.servlet.DispatcherServlet        : Initializing Servlet 'dispatcherServlet'
2025-07-20T00:56:06.873+08:00  INFO 20696 --- [http-nio-8080-exec-1] o.s.web.servlet.DispatcherServlet        : Completed initialization in 2 ms
2025-07-20T00:56:07.081+08:00  INFO 20696 --- [http-nio-8080-exec-1] c.z.u.service.controller.UserController  : 用户登录, userName: 稚名不带撇
2025-07-20T00:56:07.289+08:00  INFO 20696 --- [http-nio-8080-exec-1] com.zaxxer.hikari.HikariDataSource       : HikariPool-1 - Starting...
2025-07-20T00:56:07.641+08:00  INFO 20696 --- [http-nio-8080-exec-1] com.zaxxer.hikari.pool.HikariPool        : HikariPool-1 - Added connection com.mysql.cj.jdbc.ConnectionImpl@2d195fac
2025-07-20T00:56:07.644+08:00  INFO 20696 --- [http-nio-8080-exec-1] com.zaxxer.hikari.HikariDataSource       : HikariPool-1 - Start completed.
2025-07-20T00:57:25.488+08:00  WARN 20696 --- [Thread-7] c.a.nacos.common.notify.NotifyCenter     : [NotifyCenter] Start destroying Publisher
2025-07-20T00:57:25.491+08:00  WARN 20696 --- [Thread-1] c.a.n.common.http.HttpClientBeanHolder   : [HttpClientBeanHolder] Start destroying common HttpClient
2025-07-20T00:57:25.491+08:00  WARN 20696 --- [Thread-7] c.a.nacos.common.notify.NotifyCenter     : [NotifyCenter] Destruction of the end
2025-07-20T00:57:25.493+08:00  WARN 20696 --- [Thread-1] c.a.n.common.http.HttpClientBeanHolder   : [HttpClientBeanHolder] Destruction of the end
2025-07-20T00:57:25.584+08:00  INFO 20696 --- [SpringApplicationShutdownHook] c.a.c.n.registry.NacosServiceRegistry    : De-registering from Nacos Server now...
2025-07-20T00:57:25.585+08:00  INFO 20696 --- [SpringApplicationShutdownHook] com.alibaba.nacos.client.naming          : [DEREGISTER-SERVICE] public deregistering service user-service with instance: Instance{instanceId='null', ip='192.168.0.108', port=8080, weight=1.0, healthy=true, enabled=true, ephemeral=true, clusterName='DEFAULT', serviceName='null', metadata={}}
2025-07-20T00:57:25.609+08:00  INFO 20696 --- [SpringApplicationShutdownHook] c.a.c.n.registry.NacosServiceRegistry    : De-registration finished.
2025-07-20T00:57:25.611+08:00  INFO 20696 --- [SpringApplicationShutdownHook] com.alibaba.nacos.client.naming          : com.alibaba.nacos.client.naming.cache.ServiceInfoHolder do shutdown begin
2025-07-20T00:57:25.611+08:00  INFO 20696 --- [SpringApplicationShutdownHook] com.alibaba.nacos.client.naming          : com.alibaba.nacos.client.naming.backups.FailoverReactor do shutdown begin
2025-07-20T00:57:25.612+08:00  INFO 20696 --- [SpringApplicationShutdownHook] com.alibaba.nacos.client.naming          : com.alibaba.nacos.client.naming.backups.FailoverReactor do shutdown stop
2025-07-20T00:57:25.612+08:00  INFO 20696 --- [SpringApplicationShutdownHook] com.alibaba.nacos.client.naming          : com.alibaba.nacos.client.naming.cache.ServiceInfoHolder do shutdown stop
2025-07-20T00:57:25.613+08:00  INFO 20696 --- [SpringApplicationShutdownHook] com.alibaba.nacos.client.naming          : com.alibaba.nacos.client.naming.remote.NamingClientProxyDelegate do shutdown begin
2025-07-20T00:57:25.613+08:00  INFO 20696 --- [SpringApplicationShutdownHook] com.alibaba.nacos.client.naming          : com.alibaba.nacos.client.naming.core.ServiceInfoUpdateService do shutdown begin
2025-07-20T00:57:25.613+08:00  INFO 20696 --- [SpringApplicationShutdownHook] com.alibaba.nacos.client.naming          : com.alibaba.nacos.client.naming.core.ServiceInfoUpdateService do shutdown stop
2025-07-20T00:57:25.613+08:00  INFO 20696 --- [SpringApplicationShutdownHook] com.alibaba.nacos.client.naming          : com.alibaba.nacos.client.naming.core.ServerListManager do shutdown begin
2025-07-20T00:57:25.613+08:00  WARN 20696 --- [SpringApplicationShutdownHook] com.alibaba.nacos.client.naming          : [NamingHttpClientManager] Start destroying NacosRestTemplate
2025-07-20T00:57:25.613+08:00  WARN 20696 --- [SpringApplicationShutdownHook] com.alibaba.nacos.client.naming          : [NamingHttpClientManager] Destruction of the end
2025-07-20T00:57:25.613+08:00  INFO 20696 --- [SpringApplicationShutdownHook] com.alibaba.nacos.client.naming          : com.alibaba.nacos.client.naming.core.ServerListManager do shutdown stop
2025-07-20T00:57:25.614+08:00  INFO 20696 --- [SpringApplicationShutdownHook] com.alibaba.nacos.client.naming          : com.alibaba.nacos.client.naming.remote.http.NamingHttpClientProxy do shutdown begin
2025-07-20T00:57:25.614+08:00  WARN 20696 --- [SpringApplicationShutdownHook] com.alibaba.nacos.client.naming          : [NamingHttpClientManager] Start destroying NacosRestTemplate
2025-07-20T00:57:25.614+08:00  WARN 20696 --- [SpringApplicationShutdownHook] com.alibaba.nacos.client.naming          : [NamingHttpClientManager] Destruction of the end
2025-07-20T00:57:25.614+08:00  INFO 20696 --- [SpringApplicationShutdownHook] com.alibaba.nacos.client.naming          : com.alibaba.nacos.client.naming.remote.http.NamingHttpClientProxy do shutdown stop
2025-07-20T00:57:25.614+08:00  INFO 20696 --- [SpringApplicationShutdownHook] com.alibaba.nacos.common.remote.client   : Shutdown rpc client, set status to shutdown
2025-07-20T00:57:25.614+08:00  INFO 20696 --- [SpringApplicationShutdownHook] com.alibaba.nacos.common.remote.client   : Shutdown client event executor java.util.concurrent.ScheduledThreadPoolExecutor@208aed30[Running, pool size = 2, active threads = 2, queued tasks = 0, completed tasks = 0]
2025-07-20T00:57:25.614+08:00  INFO 20696 --- [SpringApplicationShutdownHook] com.alibaba.nacos.common.remote.client   : Close current connection 1752944034345_127.0.0.1_42288
2025-07-20T00:57:25.628+08:00  WARN 20696 --- [nacos-grpc-client-executor-127.0.0.1-47] c.a.n.c.remote.client.grpc.GrpcClient    : [1752944034345_127.0.0.1_42288]Ignore error event,isRunning:false,isAbandon=false
2025-07-20T00:57:25.632+08:00  INFO 20696 --- [SpringApplicationShutdownHook] c.a.n.c.remote.client.grpc.GrpcClient    : Shutdown grpc executor java.util.concurrent.ThreadPoolExecutor@14fecda3[Running, pool size = 4, active threads = 0, queued tasks = 0, completed tasks = 48]
2025-07-20T00:57:25.633+08:00  INFO 20696 --- [SpringApplicationShutdownHook] com.alibaba.nacos.client.naming          : Shutdown grpc redo service executor java.util.concurrent.ScheduledThreadPoolExecutor@1ad54f24[Running, pool size = 1, active threads = 0, queued tasks = 1, completed tasks = 69]
2025-07-20T00:57:25.633+08:00  INFO 20696 --- [SpringApplicationShutdownHook] c.a.n.c.a.r.identify.CredentialWatcher   : [null] CredentialWatcher is stopped
2025-07-20T00:57:25.633+08:00  INFO 20696 --- [SpringApplicationShutdownHook] c.a.n.c.a.r.identify.CredentialService   : [null] CredentialService is freed
2025-07-20T00:57:25.633+08:00  INFO 20696 --- [SpringApplicationShutdownHook] com.alibaba.nacos.client.naming          : com.alibaba.nacos.client.naming.remote.NamingClientProxyDelegate do shutdown stop
2025-07-20T00:57:25.639+08:00  INFO 20696 --- [SpringApplicationShutdownHook] com.zaxxer.hikari.HikariDataSource       : HikariPool-1 - Shutdown initiated...
2025-07-20T00:57:25.656+08:00  INFO 20696 --- [SpringApplicationShutdownHook] com.zaxxer.hikari.HikariDataSource       : HikariPool-1 - Shutdown completed.
